<?xml version="1.0" encoding="UTF-8"?>
<!-- Generated by org.testng.reporters.JUnitXMLReporter -->
<testsuite ignored="0" hostname="Lohith" failures="0" tests="3" name="Default test" time="321.216" errors="0" timestamp="2021-12-15T11:03:34 IST">
  <testcase classname="com.vtiger.comcast.organizationtest.CreateContactTest" name="createConatctWithOrgTest" time="106.109"/>
  <testcase classname="com.vtiger.comcast.organizationtest.CreateContactTest" name="createContactTest" time="18.215"/>
  <testcase classname="com.vtiger.comcast.organizationtest.CreateContactTest" name="createContact_Support_DateTest" time="21.515"/>
</testsuite> <!-- Default test -->
