<?xml version="1.0" encoding="UTF-8"?>
<!-- Generated by org.testng.reporters.JUnitXMLReporter -->
<testsuite ignored="0" hostname="Lohith" failures="0" tests="2" name="Default test" time="131.021" errors="0" timestamp="2021-12-10T12:50:31 IST">
  <testcase classname="com.vtiger.comcast.organizationtest.CreateOrganizationTest" name="createOrganizationTest" time="40.78"/>
  <testcase classname="com.vtiger.comcast.organizationtest.CreateOrganizationTest" name="createOrganization_With_Industries_And_Type_Test" time="16.74"/>
</testsuite> <!-- Default test -->
