<?xml version="1.0" encoding="UTF-8"?>
<testng-results ignored="0" total="2" passed="2" failed="0" skipped="0">
  <reporter-output>
  </reporter-output>
  <suite started-at="2021-12-10T12:48:20 IST" name="Default suite" finished-at="2021-12-10T12:50:31 IST" duration-ms="131021">
    <groups>
      <group name="regressionTest">
        <method signature="CreateOrganizationTest.createOrganization_With_Industries_And_Type_Test()[pri:0, instance:com.vtiger.comcast.organizationtest.CreateOrganizationTest@5b03b9fe]" name="createOrganization_With_Industries_And_Type_Test" class="com.vtiger.comcast.organizationtest.CreateOrganizationTest"/>
      </group> <!-- regressionTest -->
      <group name="smokeTest">
        <method signature="CreateOrganizationTest.createOrganizationTest()[pri:0, instance:com.vtiger.comcast.organizationtest.CreateOrganizationTest@5b03b9fe]" name="createOrganizationTest" class="com.vtiger.comcast.organizationtest.CreateOrganizationTest"/>
      </group> <!-- smokeTest -->
    </groups>
    <test started-at="2021-12-10T12:48:20 IST" name="Default test" finished-at="2021-12-10T12:50:31 IST" duration-ms="131021">
      <class name="com.vtiger.comcast.organizationtest.CreateOrganizationTest">
        <test-method is-config="true" signature="configBS()[pri:0, instance:com.vtiger.comcast.organizationtest.CreateOrganizationTest@5b03b9fe]" started-at="2021-12-10T12:48:20 IST" name="configBS" finished-at="2021-12-10T12:48:20 IST" duration-ms="13" status="PASS">
          <reporter-output>
          </reporter-output>
        </test-method> <!-- configBS -->
        <test-method is-config="true" signature="configBC()[pri:0, instance:com.vtiger.comcast.organizationtest.CreateOrganizationTest@5b03b9fe]" started-at="2021-12-10T12:48:20 IST" name="configBC" finished-at="2021-12-10T12:48:50 IST" duration-ms="30398" status="PASS">
          <reporter-output>
          </reporter-output>
        </test-method> <!-- configBC -->
        <test-method is-config="true" signature="configBM()[pri:0, instance:com.vtiger.comcast.organizationtest.CreateOrganizationTest@5b03b9fe]" started-at="2021-12-10T12:48:50 IST" name="configBM" finished-at="2021-12-10T12:49:19 IST" duration-ms="29270" status="PASS">
          <reporter-output>
          </reporter-output>
        </test-method> <!-- configBM -->
        <test-method signature="createOrganizationTest()[pri:0, instance:com.vtiger.comcast.organizationtest.CreateOrganizationTest@5b03b9fe]" started-at="2021-12-10T12:49:19 IST" name="createOrganizationTest" finished-at="2021-12-10T12:50:00 IST" duration-ms="40780" status="PASS">
          <reporter-output>
          </reporter-output>
        </test-method> <!-- createOrganizationTest -->
        <test-method is-config="true" signature="configAM()[pri:0, instance:com.vtiger.comcast.organizationtest.CreateOrganizationTest@5b03b9fe]" started-at="2021-12-10T12:50:00 IST" name="configAM" finished-at="2021-12-10T12:50:04 IST" duration-ms="3610" status="PASS">
          <reporter-output>
          </reporter-output>
        </test-method> <!-- configAM -->
        <test-method is-config="true" signature="configBM()[pri:0, instance:com.vtiger.comcast.organizationtest.CreateOrganizationTest@5b03b9fe]" started-at="2021-12-10T12:50:04 IST" name="configBM" finished-at="2021-12-10T12:50:08 IST" duration-ms="4450" status="PASS">
          <reporter-output>
          </reporter-output>
        </test-method> <!-- configBM -->
        <test-method signature="createOrganization_With_Industries_And_Type_Test()[pri:0, instance:com.vtiger.comcast.organizationtest.CreateOrganizationTest@5b03b9fe]" started-at="2021-12-10T12:50:08 IST" name="createOrganization_With_Industries_And_Type_Test" finished-at="2021-12-10T12:50:25 IST" duration-ms="16740" status="PASS">
          <reporter-output>
          </reporter-output>
        </test-method> <!-- createOrganization_With_Industries_And_Type_Test -->
        <test-method is-config="true" signature="configAM()[pri:0, instance:com.vtiger.comcast.organizationtest.CreateOrganizationTest@5b03b9fe]" started-at="2021-12-10T12:50:25 IST" name="configAM" finished-at="2021-12-10T12:50:28 IST" duration-ms="3501" status="PASS">
          <reporter-output>
          </reporter-output>
        </test-method> <!-- configAM -->
        <test-method is-config="true" signature="configAC()[pri:0, instance:com.vtiger.comcast.organizationtest.CreateOrganizationTest@5b03b9fe]" started-at="2021-12-10T12:50:28 IST" name="configAC" finished-at="2021-12-10T12:50:31 IST" duration-ms="2114" status="PASS">
          <reporter-output>
          </reporter-output>
        </test-method> <!-- configAC -->
        <test-method is-config="true" signature="configAS()[pri:0, instance:com.vtiger.comcast.organizationtest.CreateOrganizationTest@5b03b9fe]" started-at="2021-12-10T12:50:31 IST" name="configAS" finished-at="2021-12-10T12:50:31 IST" duration-ms="0" status="PASS">
          <reporter-output>
          </reporter-output>
        </test-method> <!-- configAS -->
      </class> <!-- com.vtiger.comcast.organizationtest.CreateOrganizationTest -->
    </test> <!-- Default test -->
  </suite> <!-- Default suite -->
</testng-results>
