<?xml version="1.0" encoding="UTF-8"?>
<testng-results ignored="0" total="3" passed="3" failed="0" skipped="0">
  <reporter-output>
  </reporter-output>
  <suite started-at="2021-12-15T10:58:12 IST" name="Default suite" finished-at="2021-12-15T11:03:33 IST" duration-ms="321216">
    <groups>
      <group name="regressionTest">
        <method signature="CreateContactTest.createConatctWithOrgTest()[pri:0, instance:com.vtiger.comcast.organizationtest.CreateContactTest@37d4349f]" name="createConatctWithOrgTest" class="com.vtiger.comcast.organizationtest.CreateContactTest"/>
        <method signature="CreateContactTest.createContact_Support_DateTest()[pri:0, instance:com.vtiger.comcast.organizationtest.CreateContactTest@37d4349f]" name="createContact_Support_DateTest" class="com.vtiger.comcast.organizationtest.CreateContactTest"/>
      </group> <!-- regressionTest -->
      <group name="smokeTest">
        <method signature="CreateContactTest.createContactTest()[pri:0, instance:com.vtiger.comcast.organizationtest.CreateContactTest@37d4349f]" name="createContactTest" class="com.vtiger.comcast.organizationtest.CreateContactTest"/>
      </group> <!-- smokeTest -->
    </groups>
    <test started-at="2021-12-15T10:58:12 IST" name="Default test" finished-at="2021-12-15T11:03:33 IST" duration-ms="321216">
      <class name="com.vtiger.comcast.organizationtest.CreateContactTest">
        <test-method is-config="true" signature="configBS()[pri:0, instance:com.vtiger.comcast.organizationtest.CreateContactTest@37d4349f]" started-at="2021-12-15T10:58:12 IST" name="configBS" finished-at="2021-12-15T10:58:12 IST" duration-ms="11" status="PASS">
          <reporter-output>
          </reporter-output>
        </test-method> <!-- configBS -->
        <test-method is-config="true" signature="configBC()[pri:0, instance:com.vtiger.comcast.organizationtest.CreateContactTest@37d4349f]" started-at="2021-12-15T10:58:12 IST" name="configBC" finished-at="2021-12-15T10:59:14 IST" duration-ms="61475" status="PASS">
          <reporter-output>
          </reporter-output>
        </test-method> <!-- configBC -->
        <test-method is-config="true" signature="configBM()[pri:0, instance:com.vtiger.comcast.organizationtest.CreateContactTest@37d4349f]" started-at="2021-12-15T10:59:14 IST" name="configBM" finished-at="2021-12-15T11:00:33 IST" duration-ms="79482" status="PASS">
          <reporter-output>
          </reporter-output>
        </test-method> <!-- configBM -->
        <test-method signature="createConatctWithOrgTest()[pri:0, instance:com.vtiger.comcast.organizationtest.CreateContactTest@37d4349f]" started-at="2021-12-15T11:00:33 IST" name="createConatctWithOrgTest" finished-at="2021-12-15T11:02:19 IST" duration-ms="106109" status="PASS">
          <reporter-output>
          </reporter-output>
        </test-method> <!-- createConatctWithOrgTest -->
        <test-method is-config="true" signature="configAM()[pri:0, instance:com.vtiger.comcast.organizationtest.CreateContactTest@37d4349f]" started-at="2021-12-15T11:02:19 IST" name="configAM" finished-at="2021-12-15T11:02:24 IST" duration-ms="4480" status="PASS">
          <reporter-output>
          </reporter-output>
        </test-method> <!-- configAM -->
        <test-method is-config="true" signature="configBM()[pri:0, instance:com.vtiger.comcast.organizationtest.CreateContactTest@37d4349f]" started-at="2021-12-15T11:02:24 IST" name="configBM" finished-at="2021-12-15T11:02:31 IST" duration-ms="7180" status="PASS">
          <reporter-output>
          </reporter-output>
        </test-method> <!-- configBM -->
        <test-method signature="createContactTest()[pri:0, instance:com.vtiger.comcast.organizationtest.CreateContactTest@37d4349f]" started-at="2021-12-15T11:02:31 IST" name="createContactTest" finished-at="2021-12-15T11:02:49 IST" duration-ms="18215" status="PASS">
          <reporter-output>
          </reporter-output>
        </test-method> <!-- createContactTest -->
        <test-method is-config="true" signature="configAM()[pri:0, instance:com.vtiger.comcast.organizationtest.CreateContactTest@37d4349f]" started-at="2021-12-15T11:02:49 IST" name="configAM" finished-at="2021-12-15T11:02:56 IST" duration-ms="6864" status="PASS">
          <reporter-output>
          </reporter-output>
        </test-method> <!-- configAM -->
        <test-method is-config="true" signature="configBM()[pri:0, instance:com.vtiger.comcast.organizationtest.CreateContactTest@37d4349f]" started-at="2021-12-15T11:02:56 IST" name="configBM" finished-at="2021-12-15T11:03:08 IST" duration-ms="11917" status="PASS">
          <reporter-output>
          </reporter-output>
        </test-method> <!-- configBM -->
        <test-method signature="createContact_Support_DateTest()[pri:0, instance:com.vtiger.comcast.organizationtest.CreateContactTest@37d4349f]" started-at="2021-12-15T11:03:08 IST" name="createContact_Support_DateTest" finished-at="2021-12-15T11:03:30 IST" duration-ms="21515" status="PASS">
          <reporter-output>
          </reporter-output>
        </test-method> <!-- createContact_Support_DateTest -->
        <test-method is-config="true" signature="configAM()[pri:0, instance:com.vtiger.comcast.organizationtest.CreateContactTest@37d4349f]" started-at="2021-12-15T11:03:30 IST" name="configAM" finished-at="2021-12-15T11:03:32 IST" duration-ms="2314" status="PASS">
          <reporter-output>
          </reporter-output>
        </test-method> <!-- configAM -->
        <test-method is-config="true" signature="configAC()[pri:0, instance:com.vtiger.comcast.organizationtest.CreateContactTest@37d4349f]" started-at="2021-12-15T11:03:32 IST" name="configAC" finished-at="2021-12-15T11:03:33 IST" duration-ms="1513" status="PASS">
          <reporter-output>
          </reporter-output>
        </test-method> <!-- configAC -->
        <test-method is-config="true" signature="configAS()[pri:0, instance:com.vtiger.comcast.organizationtest.CreateContactTest@37d4349f]" started-at="2021-12-15T11:03:34 IST" name="configAS" finished-at="2021-12-15T11:03:34 IST" duration-ms="1" status="PASS">
          <reporter-output>
          </reporter-output>
        </test-method> <!-- configAS -->
      </class> <!-- com.vtiger.comcast.organizationtest.CreateContactTest -->
    </test> <!-- Default test -->
  </suite> <!-- Default suite -->
</testng-results>
